<?xml version="1.0" encoding="UTF-8"?>
<testng-results ignored="0" total="2" passed="2" failed="0" skipped="0">
  <reporter-output>
  </reporter-output>
  <suite started-at="2022-12-20T01:05:59 IST" name="Default suite" finished-at="2022-12-20T01:05:59 IST" duration-ms="66">
    <groups>
    </groups>
    <test started-at="2022-12-20T01:05:59 IST" name="Default test" finished-at="2022-12-20T01:05:59 IST" duration-ms="66">
      <class name="com.testvagrant.Tests.TeamRCB">
        <test-method signature="getForeignPlayers()[pri:1, instance:com.testvagrant.Tests.TeamRCB@1da2cb77]" started-at="2022-12-20T01:05:59 IST" name="getForeignPlayers" finished-at="2022-12-20T01:05:59 IST" duration-ms="26" status="PASS">
          <reporter-output>
          </reporter-output>
        </test-method> <!-- getForeignPlayers -->
        <test-method signature="getWicketKeeperCount()[pri:2, instance:com.testvagrant.Tests.TeamRCB@1da2cb77]" started-at="2022-12-20T01:05:59 IST" name="getWicketKeeperCount" finished-at="2022-12-20T01:05:59 IST" duration-ms="2" status="PASS">
          <reporter-output>
          </reporter-output>
        </test-method> <!-- getWicketKeeperCount -->
      </class> <!-- com.testvagrant.Tests.TeamRCB -->
    </test> <!-- Default test -->
  </suite> <!-- Default suite -->
</testng-results>
